1








                            FINITE ELEMENT PROGRAM
                  FOR STATIC AND DYNAMIC NONLINEAR ANALYSIS














                    PPPPPPPPP         AAAA        KK      KK
                    PPPPPPPPPP       AAAAAA       KK     KK
                    PP      PP      AA    AA      KK    KK
                    PP      PP     AA      AA     KK   KK
                    PPPPPPPPPP     AA      AA     KK  KK
                    PPPPPPPPP      AA      AA     KKKKK
                    PP             AAAAAAAAAA     KKKKKKK
                    PP             AAAAAAAAAA     KK    KK
                    PP             AA      AA     KK     KK
                    PP             AA      AA     KK      KK






     ---------------------------  VERSION  8.00  ---------------------------











                    "SVETOZAR MARKOVIC" UNIVERSITY
                    FAKULTY OF MECHANICAL ENGINEERING
                    SOFTWARE LABORATORY
                    34000 KRAGUJEVAC
                    YUGOSLAVIA










1
 A   C A R D   I M A G E   L I S T I N G   O F   T H E   I N P U T   D A T A
                            C O L U M N   N U M B E R
 CARD          1         2         3         4         5         6         7
 NUMB 1234567890123456789012345678901234567890123456789012345678901234567890
 ---- ----------------------------------------------------------------------
    1 C /1/ HEADING CARD (80A1)                                             
    2 C NASLOV                                                              
    3   Untitled                                                            
    4 C /2/ FORMAT FOR INPUT DATA (free format)                             
    5 C INDFOR                                                              
    6     2                                                                 
    7 C /3/ BASIC DATA FOR THE PROBLEM (4I5,5X.I5)                          
    8 C NP,NGELEM,NMATM,NPER,NKRT,NCRACK,NCXFEM,IGBM                        
    9    27    1    1    1                                                  
   10 C /4/ BASIC DATA FOR THE PROBLEM (6I2,3X,3I5)                         
   11 C (IOPGL(I),I=1,6),NDIN,ISOPS,ICVEL                                   
   12  0 0 0 1 1 1       0    0    1                                        
   13 C /5/ DATA FOR POST-PROCESSING (10I5)                                 
   14 C NULAZ,NBLPR,NBLGR,ISTKO,NCVPR,ISTEM,ISTVN,ISTSI,ISTDE,ISTNA         
   15     0    1    1    0    0    0    0    0    0    0    0               
   16 C /6/ GROUP OF CARDS WITH DATA FOR BLOCKS (5I5)                       
   17 C NBL,(NPRGR(NBL,I),I=1,4)                                            
   18     1    1    1 9000    0                                             
   19     1    1    1 9000    0                                             
   20 C /7/ DATA FOR RESTART (I5,10X,2I5,2F10.0)                            
   21 C IREST,       NMODS,ICCGG,    TOLG,    ALFAG                         
   22     0              0  -11  0.000000  0.000000                         
   23 C /8/ GROUP OF CARDS WITH DATA FOR TIME STEPS (2I5,F10.0)             
   24 C   I,NKDT(I),DTDT(I)    (I=1,NPER)                                   
   25     1    1  1.000000                                                  
   26 C /9/ DATA FOR EQULIBRIUM ITERATIONS (5I5,4F10.0,I5)                  
   27 C METOD,MAXIT,KONVE,KONVS,KONVM,TOLE,    TOLS,     TOLM,     TOLA,NBRC
   28     4   30    1    0    0  0.001000  0.000000  0.000000  0.000000    2
   29 C /10/ GROUP OF CARDS FOR NODAL POINT DATA (I5,A1,6I2,2X,3F10.0,2I5) (
   30 C  N,CH,(ID(N,I),I=1,6),   (CORD(N,J),J=1,3),      KORC,LJ(N)         
   31     1  1 1 0 0 0 0    -0.50000  -0.50000   1.00000    0    0          
   32     2  0 1 0 0 0 0     0.00000  -0.50000   1.00000    0    0          
   33     3  0 1 0 0 0 0     0.50000  -0.50000   1.00000    0    0          
   34     4  0 0 0 0 0 0     0.50000   0.00000   1.00000    0    0          
   35     5  0 0 0 0 0 0     0.50000   0.50000   1.00000    0    0          
   36     6  0 0 0 0 0 0     0.00000   0.50000   1.00000    0    0          
   37     7  1 0 0 0 0 0    -0.50000   0.50000   1.00000    0    0          
   38     8  1 0 0 0 0 0    -0.50000   0.00000   1.00000    0    0          
   39     9  0 0 0 0 0 0     0.00000   0.00000   1.00000    0    0          
   40    10  0 1 1 0 0 0     0.50000  -0.50000   0.00000    0    0          
   41    11  0 1 0 0 0 0     0.50000  -0.50000   0.50000    0    0          
   42    12  1 1 0 0 0 0    -0.50000  -0.50000   0.50000    0    0          
   43    13  1 1 1 0 0 0    -0.50000  -0.50000   0.00000    0    0          
   44    14  0 1 1 0 0 0     0.00000  -0.50000   0.00000    0    0          
   45    15  0 1 0 0 0 0     0.00000  -0.50000   0.50000    0    0          
   46    16  1 0 0 0 0 0    -0.50000   0.50000   0.50000    0    0          
   47    17  1 0 1 0 0 0    -0.50000   0.50000   0.00000    0    0          
   48    18  1 0 1 0 0 0    -0.50000   0.00000   0.00000    0    0          
   49    19  1 0 0 0 0 0    -0.50000   0.00000   0.50000    0    0          
   50    20  0 0 0 0 0 0     0.50000   0.50000   0.50000    0    0          
 ---- ----------------------------------------------------------------------
 CARD          1         2         3         4         5         6         7
 NUMB 1234567890123456789012345678901234567890123456789012345678901234567890
                            C O L U M N   N U M B E R



1
 A   C A R D   I M A G E   L I S T I N G   O F   T H E   I N P U T   D A T A
                            C O L U M N   N U M B E R
 CARD          1         2         3         4         5         6         7
 NUMB 1234567890123456789012345678901234567890123456789012345678901234567890
 ---- ----------------------------------------------------------------------
   51    21  0 0 1 0 0 0     0.50000   0.50000   0.00000    0    0          
   52    22  0 0 1 0 0 0     0.00000   0.50000   0.00000    0    0          
   53    23  0 0 0 0 0 0     0.00000   0.50000   0.50000    0    0          
   54    24  0 0 1 0 0 0     0.50000   0.00000   0.00000    0    0          
   55    25  0 0 1 0 0 0     0.00000   0.00000   0.00000    0    0          
   56    26  0 0 0 0 0 0     0.50000   0.00000   0.50000    0    0          
   57    27  0 0 0 0 0 0     0.00000   0.00000   0.50000    0    0          
   58 C /11/ GENERAL DATA FOR MATERIAL MODELS (3I5)                         
   59 C (MODEL(I,K),I=1,3)    (K=1,NMATM)                                   
   60     1    1   20                                                       
   61 C /12/ DATA FOR EACH MATERIAL (2I5,F10.0)                             
   62 C MOD  MAT     GUST                                                   
   63     1    10.0000e+00                                                  
   64 C /12-1/ MATERIAL MODEL 1 (ELASTIC-ISOTROPIC)                         
   65 C YOUNGS MODULI (F10.0)                                               
   66 C        E                                                            
   67 1.0000e+07                                                            
   68 C POISSONS RATIO (F10.0)                                              
   69 C        V                                                            
   70 3.0000e-01                                                            
   71 C /13/ ELEMENT GROUP DATA (7I5,3F10.0)    (I=1,NGELEM)                
   72 C NETIP,NE,IATYP,NMODM,INDBTH,INDDTH,INDKOV, COEF1, COEF2, COEF3      
   73     3    8    0    1    0    0    0       0.000000  0.000000  0.000000
   74 C /13-3/ DATA FOR 3D ISOPARAMETRIC ELEMENTS                           
   75 C Card with basic data about 3D elements (3I5,5X,F10.0,35X,I5         
   76 C NGAUSX,NGAUSY,NGARSZ,BETA,IALFA                                     
   77     2    2    2       0.000000                                       0
   78 C Card with data about the current element (6I5,10X,2F10.0)           
   79 C NN,NMAT,IPRCO,ISNA,IPGS,KORC,BTH,DTH                                
   80 C Card with nodal data (1 to K) of the element (8I5)                  
   81 C (NEL(NN,I),I=1,8)                                                   
   82    25    1    0    0    0    0            0.000000  0.000000          
   83    27   15   12   19    9    2    1    8                              
   84                                                                       
   85    26    1    0    0    0    0            0.000000  0.000000          
   86    26   11   15   27    4    3    2    9                              
   87                                                                       
   88    27    1    0    0    0    0            0.000000  0.000000          
   89    23   27   19   16    6    9    8    7                              
   90                                                                       
   91    28    1    0    0    0    0            0.000000  0.000000          
   92    20   26   27   23    5    4    9    6                              
   93                                                                       
   94    29    1    0    0    0    0            0.000000  0.000000          
   95    25   14   13   18   27   15   12   19                              
   96                                                                       
   97    30    1    0    0    0    0            0.000000  0.000000          
   98    24   10   14   25   26   11   15   27                              
   99                                                                       
  100    31    1    0    0    0    0            0.000000  0.000000          
 ---- ----------------------------------------------------------------------
 CARD          1         2         3         4         5         6         7
 NUMB 1234567890123456789012345678901234567890123456789012345678901234567890
                            C O L U M N   N U M B E R



1
 A   C A R D   I M A G E   L I S T I N G   O F   T H E   I N P U T   D A T A
                            C O L U M N   N U M B E R
 CARD          1         2         3         4         5         6         7
 NUMB 1234567890123456789012345678901234567890123456789012345678901234567890
 ---- ----------------------------------------------------------------------
  101    22   25   18   17   23   27   19   16                              
  102                                                                       
  103    32    1    0    0    0    0            0.000000  0.000000          
  104    21   24   25   22   20   26   27   23                              
  105                                                                       
  106 C /14/ DATA ABOUT TIME FUNCTIONS (2I5)                                
  107 C NTABFT,MAXTFT                                                       
  108     1  100                                                            
  109 C a) Data about function in a table form (2I5)                        
  110 C IBR,IMAX    (IMAX.LE.MAXTFT)                                        
  111     1    2                                                            
  112 C b) Values for argument - function (2F10.0)                          
  113 C ((FN(I,IBR,J),I=1,2),J=1,IMAX)                                      
  114  0.0000e+0 1.0000e+0                                                  
  115  1.0000e+4 1.0000e+0                                                  
  116 C /15/ GENERAL DATA ABOUT LOADS (4I5,5X,5I5)                          
  117 C NCF,NPP2,NPP3, NPGR,    NPLJ,NTEMP,NZADP,INDZS,ICERNE               
  118     0    0    4    0         0    0    0    0    0                    
  119 C /15-3/ SURFACE LOADING                                              
  120 C Data for surface loading (pressure) on surface ABCD (2I5,4F10.0,I5) 
  121 C NFUN,IPRAV,(FAKP(J),J=1,4),KORC                                     
  122 C Data for nodes of the surface ABCD (8I5)                            
  123 C (NODPR(J),J=1,8)                                                    
  124     1    0 1.0000e+1 1.0000e+1 1.0000e+1 1.0000e+1    0               
  125     1    2    9    8                                                  
  126     1    0 1.0000e+1 1.0000e+1 1.0000e+1 1.0000e+1    0               
  127     2    3    4    9                                                  
  128     1    0 1.0000e+1 1.0000e+1 1.0000e+1 1.0000e+1    0               
  129     8    9    6    7                                                  
  130     1    0 1.0000e+1 1.0000e+1 1.0000e+1 1.0000e+1    0               
  131     9    4    5    6                                                  
  132 C /16/ FINAL CARD (A4)                                                
  133 STOP                                                                  
 ---- ----------------------------------------------------------------------
 CARD          1         2         3         4         5         6         7
 NUMB 1234567890123456789012345678901234567890123456789012345678901234567890
                            C O L U M N   N U M B E R


 ******************* E N D   O F   I N P U T   L I S T I N G ***************



1
 CARD NUMBER    3



 ****************************************************************************

   Untitled                                                                  

 ****************************************************************************






 CARD NUMBER    6



           FORMAT FOR INPUT DATA ......................... INDFOR =    2
                EQ.0; INDFOR = 1
                EQ.1; FREE FORMAT
                EQ.2; FIXED FORMAT






 CARD NUMBER    9



      B A S I C   D A T A   F O R   T H E   P R O B L E M
      ---------------------------------------------------


           TOTAL NUMBER OF NODAL POINTS ................. NP =        27
                LE.0; PROGRAM STOP


           TOTAL NUMBER OF DIFFERENT ELEMENT GROUPS ...... NGELEM =    1
                EQ.0; DEFAULT SET "1"


           TOTAL NUMBER OF DIFFERENT MATERIAL MODELS ...... NMATM =    1
                EQ.0; DEFAULT SET "1"


           NUMBER OF PERIODS WITH CONSTANT TIME STEPS ...... NPER =    1
                EQ.0; DEFAULT SET TO "1"


           TOTAL NUMBER SUBSTRUCTURES ......................  JPS =    1
                EQ.0; JPS = 1


           TOTAL NUMBER OF RIGID BODIES .................... NKRT =    0
                EQ.0; NO RIGID BODIES


           DISPLACEMENT-STRESS MIXED METHOD ............... MIXED =    0
                EQ.0; NO
                EQ.1; YES


           NUMBER OF CRACKS FOR J INTEGRAL ............... NCRACK =    0
                EQ.0; NO CRACKS


           NUMBER OF CRACKS FOR XFEM METHOD .............. NCXFEM =    0
                EQ.0; NO CRACKS


           NUMBER OF CRACKS FOR MESLESS (GBM) .............. IGBM =    0
                EQ.0; NO CRACKS






 CARD NUMBER   12



           INDICATORS FOR GLOBAL CONSTRAINTS OF TRANSLATIONS AND ROTATIONS
                EQ.0; FREE
                EQ.1; RESTRAINED
                      GLOBAL TRANSLATION IN X DIRECTION  IOPGL(1) =    0
                      GLOBAL TRANSLATION IN Y DIRECTION  IOPGL(2) =    0
                      GLOBAL TRANSLATION IN Z DIRECTION  IOPGL(3) =    0
                      GLOBAL ROTATION AROUND X/V1 AXIS . IOPGL(4) =    1
                      GLOBAL ROTATION AROUND Y/V2 AXIS . IOPGL(5) =    1
                      GLOBAL ROTATION AROUND Z/VN AXIS . IOPGL(6) =    1


           TYPE OF ANALYSIS ................................ NDIN =    0
                EQ.0; STATICS
                EQ.1; DYNAMICS


           INDICATOR FOR EIGENVALUE COMPUTATIONS .......... ISOPS =    0
                EQ.0; NO COMPUTATIONS
                EQ.1; YES


           INDICATOR FOR NUMERATION OF NODES AND ELEMENTS . ICVEL =    1
                EQ.0; INCREASING
                EQ.1; FREE


           INDICATORS FOR GLOBAL CONSTRAINTS OF NODAL STRESSES
                EQ.0; NO CONSTRAINTS
                EQ.1; CONSTRAINT EXISTS
                      NORMAL STRESS IN X DIRECTION ..... IOPGS(1) =    0
                      NORMAL STRESS IN Y DIRECTION ..... IOPGS(2) =    0
                      NORMAL STRESS IN Z DIRECTION ..... IOPGS(3) =    0
                      SHEAR STRESS IN XY PLANE ......... IOPGS(4) =    0
                      SHEAR STRESS IN YZ PLANE ......... IOPGS(5) =    0
                      SHEAR STRESS IN ZX PLANE ......... IOPGS(6) =    0






 CARD NUMBER   15



      D A T A   F O R   P O S T - P R O C E S S I N G
      -----------------------------------------------


           KIND OF PRINTOUT OF THE INPUT DATA ............. NULAZ =    1
                LT.0; NO  PRINTOUT
                EQ.0; NULAZ = 1
                EQ.1; CARD IMAGE, INPUT DATA READ AND GENERATED ARE PRINTED
                EQ.2; CARD IMAGE PRINTED
                EQ.3; INPUT DATA READ AND GENERATED ARE PRINTED


           NUMBER OF BLOCKS FOR RESULTS PRINTOUT .......... NBLPR =    1
                EQ.0; RESULTS ARE PRINTED IN ALL TIME STEPS
                LT.0; NO PRINTOUT OF RESULTS


           NUMBER BLOCKS FOR PLOTTING OF RESULTS .......... NBLGR =    1
                EQ.0; RESULTS ARE PLOTTED IN ALL TIME STEPS
                LT.0; NO PLOTTING OF RESULTS


           INDICATOR FOR PRINTING OUTPUT IN SEPARATE FILE . ISTKO =    0
                EQ.0; ALL STEPS PRINTED IN ONE FILE
                EQ.1; RESULTS PRINTED SEPARATELY



           NUMBER OF NODES FOR RESULTS PRINTOUT ........... NCVPR =    0
                EQ.0; PRINTING AT ALL NODES


           INDICATOR FOR PLOTTING TEMPERATURES ............ ISTEM =    0
                EQ.-1; NO PLOTTING


           INDICATOR FOR PLOTTING NODAL NORMAL VECTORS .... ISTVN =    0
                EQ.-1; NO PLOTTING


           INDICATOR FOR PLOTTING NODAL FORCES  ........... ISTSI =    0
                EQ.-1; NO PLOTTING


           INDICATOR FOR PRINTING STRAINS ................. ISTDE =    0
                EQ.-1; NO PRINTING


           INDICATOR FOR PRINTING RESULTS WITHIN ELEMENT .. ISTNA =    0
                EQ. 0; PRINTING AT INTEGRATION POINTS
                EQ. 1; IN ELEMENT CENTER
                EQ. 2; MAXIMUM VALUES






 CARD NUMBER    18



      DATA FOR BLOCKS USED FOR RESULTS PRINTOUT
      -----------------------------------------


           BLOCK NUMBER FIRST STEP    INCREMENT    LAST STEP       INDICATOR (=0-ALL;=1-DISPLACEMENT;=2-STRESSES)
               1            1             1           9000             0






 CARD NUMBER    19



      DATA FOR BLOCKS USED IN PREPARING RESULTS FOR GRAPHICS
      ------------------------------------------------------


           BLOCK NUMBER FIRST STEP    INCREMENT    LAST STEP       INDICATOR (=0-ALL;=1-DISPLACEMENTS;=2-STRESSES)
               1            1             1           9000             0






 CARD NUMBER    22



      D A T A    F O R    R E S T A R T 
      ---------------------------------


           INDICATOR FOR JOB EXECUTION  ................... IREST =    0
                EQ.0; JOB EXECUTION
                EQ.1; RESTART OF JOB
                EQ.2; INPUT DATA CHECK


           NUMBER OF EIGEN MODES USED FOR IMPERFECTION .... NMODS =    0
                EQ.0; NO IMPERFECTION
                GT.0; READ EIGEN VECTORS FROM I/O UNIT "ZMODES"


           SOLVER TYPE .................................... ICCGG =   -1
                EQ. 0 ; DIRECT SOLUTION - SYMMETRIC
                EQ.-11; MUMPS SYMMETRIC
                EQ.-1 ; ITERATIVE ICCG SOLUTION
                EQ. 1 ; ITERATIVE PCG SOLUTION
                EQ. 2 ; DIRECT SOLUTION - NONSYMMETRIC


           ICCG TOLERANCE ............................. TOLG = 1.000D-03


           ICCG SHIFT VALUE .......................... ALFAG = 0.000D+00


           INDICATOR FOR NUMBER OF PROCESSORS............... IPAR =    1


           KORAK U KOME SE RESETUJU POMERANJA.............. KODUZ =    0







 CARD NUMBER    25



      D A T A   F O R   T I M E   S T E P S
      -------------------------------------


            SOLUTION PERIOD        NUM. OF TIME STEP          TIME STEP
                    1                      1                 1.00000D+00
            ------------------------------------------------------------
            NUMBER OF TIME STEPS   NDT =   1    TOTAL TIME = 1.00000D+00






 CARD NUMBER    28



      D A T A    F O R    E Q U I L I B R I U M    I T E R A T I O N S
      ----------------------------------------------------------------


           ITERATION METHOD EMPLOYED ...................... METOD =    4
                LT. 0; ITERATION WITH ELASTIC TANGENT MATRIX
                EQ. 0; METOD = 1
                EQ. 1; MODIFIED NEWTON
                EQ. 2; MODIFIED NEWTON + AEITKEN ACCELERATION
                EQ. 3; FULL NEWTON
                EQ. 4; FULL NEWTON + LINE SEARCH
                EQ. 5; BFGS

                       AUTOMATIC LOADING - CONSTANT ARC LENGTH
                EQ.61;                     COMBINED WITH (1)
                EQ.63;                     COMBINED WITH (3)

                       AUTOMATIC LOADING - DISPLACEMENT CONTROL
                EQ.71;                     COMBINED WITH (1)
                EQ.73;                     COMBINED WITH (3)


           MAXIMUM NUMBER OF ITERATIONS IN A STEP ......... MAXIT =   30
                EQ.0; MAXIT = 10


           CONVERGENCE CRITERION  - ENERGY ................ KONVE =    1
                EQ.0; NOT USED
                EQ.1; USED


           CONVERGENCE CRITERION  - FORCE ................. KONVS =    0
                EQ.0; NOT USED
                EQ.1; USED


           CONVERGENCE CRITERION  - MOMENT ................ KONVM =    0
                EQ.0; NOT USED
                EQ.1; USED


           TOLERANCE FOR UNBALANCED ENERGY ............ TOLE = 1.000D-03
                EQ.0; TOLE = 0.01


           TOLERANCE FOR UNBALANCED FORCE ............. TOLS = 1.000D-02


           TOLERANCE FOR UNBALANCED MOMENT ............ TOLM = 1.000D-02


           ABSOLUTE TOLERANCE FOR ENERGY .............. TOLA = 1.000D-10
                EQ.0; TOLA = 1.D-10


           NUMBER DISCRETE EVENTS ......................... NBRCR =    2
                CONCRETE - NUMBER OF CRACKS PER ITERATION IN ELEMENT GROUP
                CONTACT - NUMBER OF CHANGED CONTACT CONDITIONS






 I N P U T   N O D A L   D A T A
 -------------------------------


  NODE COOR    CONSTRAINTS        C  O  O  R  D  I  N  A  T  E  S   STEP SKEW
  NUMB SYST NX NY NZ WX WY WZ        X           Y           Z      GENE SYST
          1       1  1  0  0  0  0     -0.500000000   -0.500000000    1.000000000    0    0
          2       0  1  0  0  0  0      0.000000000   -0.500000000    1.000000000    0    0
          3       0  1  0  0  0  0      0.500000000   -0.500000000    1.000000000    0    0
          4       0  0  0  0  0  0      0.500000000    0.000000000    1.000000000    0    0
          5       0  0  0  0  0  0      0.500000000    0.500000000    1.000000000    0    0
          6       0  0  0  0  0  0      0.000000000    0.500000000    1.000000000    0    0
          7       1  0  0  0  0  0     -0.500000000    0.500000000    1.000000000    0    0
          8       1  0  0  0  0  0     -0.500000000    0.000000000    1.000000000    0    0
          9       0  0  0  0  0  0      0.000000000    0.000000000    1.000000000    0    0
         10       0  1  1  0  0  0      0.500000000   -0.500000000    0.000000000    0    0
         11       0  1  0  0  0  0      0.500000000   -0.500000000    0.500000000    0    0
         12       1  1  0  0  0  0     -0.500000000   -0.500000000    0.500000000    0    0
         13       1  1  1  0  0  0     -0.500000000   -0.500000000    0.000000000    0    0
         14       0  1  1  0  0  0      0.000000000   -0.500000000    0.000000000    0    0
         15       0  1  0  0  0  0      0.000000000   -0.500000000    0.500000000    0    0
         16       1  0  0  0  0  0     -0.500000000    0.500000000    0.500000000    0    0
         17       1  0  1  0  0  0     -0.500000000    0.500000000    0.000000000    0    0
         18       1  0  1  0  0  0     -0.500000000    0.000000000    0.000000000    0    0
         19       1  0  0  0  0  0     -0.500000000    0.000000000    0.500000000    0    0
         20       0  0  0  0  0  0      0.500000000    0.500000000    0.500000000    0    0
         21       0  0  1  0  0  0      0.500000000    0.500000000    0.000000000    0    0
         22       0  0  1  0  0  0      0.000000000    0.500000000    0.000000000    0    0
         23       0  0  0  0  0  0      0.000000000    0.500000000    0.500000000    0    0
         24       0  0  1  0  0  0      0.500000000    0.000000000    0.000000000    0    0
         25       0  0  1  0  0  0      0.000000000    0.000000000    0.000000000    0    0
         26       0  0  0  0  0  0      0.500000000    0.000000000    0.500000000    0    0
         27       0  0  0  0  0  0      0.000000000    0.000000000    0.500000000    0    0



1
 CARD FROM NUMBER    31 TO   57



 G E N E R A T E D   N O D A L   D A T A
 ---------------------------------------



  NODE  E Q U A T I O N  N U M B E R   C  O  O  R  D  I  N  A  T  E  S   SKEW
  NUMB                                    X           Y           Z      SYST
          1         0         0         1         0         0         0   -0.500000   -0.500000    1.000000    0
          2         2         0         3         0         0         0    0.000000   -0.500000    1.000000    0
          3         4         0         5         0         0         0    0.500000   -0.500000    1.000000    0
          4         6         7         8         0         0         0    0.500000    0.000000    1.000000    0
          5         9        10        11         0         0         0    0.500000    0.500000    1.000000    0
          6        12        13        14         0         0         0    0.000000    0.500000    1.000000    0
          7         0        15        16         0         0         0   -0.500000    0.500000    1.000000    0
          8         0        17        18         0         0         0   -0.500000    0.000000    1.000000    0
          9        19        20        21         0         0         0    0.000000    0.000000    1.000000    0
         10        22         0         0         0         0         0    0.500000   -0.500000    0.000000    0
         11        23         0        24         0         0         0    0.500000   -0.500000    0.500000    0
         12         0         0        25         0         0         0   -0.500000   -0.500000    0.500000    0
         13         0         0         0         0         0         0   -0.500000   -0.500000    0.000000    0
         14        26         0         0         0         0         0    0.000000   -0.500000    0.000000    0
         15        27         0        28         0         0         0    0.000000   -0.500000    0.500000    0
         16         0        29        30         0         0         0   -0.500000    0.500000    0.500000    0
         17         0        31         0         0         0         0   -0.500000    0.500000    0.000000    0
         18         0        32         0         0         0         0   -0.500000    0.000000    0.000000    0
         19         0        33        34         0         0         0   -0.500000    0.000000    0.500000    0
         20        35        36        37         0         0         0    0.500000    0.500000    0.500000    0
         21        38        39         0         0         0         0    0.500000    0.500000    0.000000    0
         22        40        41         0         0         0         0    0.000000    0.500000    0.000000    0
         23        42        43        44         0         0         0    0.000000    0.500000    0.500000    0
         24        45        46         0         0         0         0    0.500000    0.000000    0.000000    0
         25        47        48         0         0         0         0    0.000000    0.000000    0.000000    0
         26        49        50        51         0         0         0    0.500000    0.000000    0.500000    0
         27        52        53        54         0         0         0    0.000000    0.000000    0.500000    0



1
 CARD NUMBER    60



      D A T A   F O R   M A T E R I A L   M O D E L S
      -----------------------------------------------


           MODEL   NUMBER OF MATERIALS   MAX NUMBER OF POINTS ON CURVE
             1            1                      20






      D  A  T  A     F  O  R     M  A  T  E  R  I  A  L  S
      ----------------------------------------------------






 CARD FROM NUMBER    63 TO   70



      MATERIAL MODEL NUMBER =     1  (LINEAR ELASTIC ISOTROPIC)


           MATERIAL NUMBER =    1


                Y O U N G S    M O D U L U S ........... E = 1.00000D+07

                P O I S S O N S    R A T I O ........... V = 3.00000D-01

                D E N S I T Y ....................... GUST = 0.00000D+00



1
      I N P U T    D A T A    F O R    E L E M E N T  G R O U P S
      -------------------------------------------------------------






 CARD NUMBER    73



           ELEMENT TYPE FOR GROUP      1 .................. NETIP =    3
                EQ.1 ; TRUSS                            (2    NODES)
                EQ.11; ELASTIC SUPPORT                  (1    NODES)
                EQ.12; GAP                              (2    NODES)
                EQ.20; ELEMENT FREE GALERKIN 2/D                    
                EQ.2 ; ISOPARAMETRIC 2/D                (4-9  NODES)
                EQ.21; ISOPARAMETRIC TRIANGULAR 2/D     (3-6  NODES)
                EQ.3 ; ISOPARAMETRIC 3/D                (8-21 NODES)
                EQ.31; ISOPARAMETRIC PRISMATIC          (6-15 NODES)
                EQ.32; ISOPARAMETRIC PYRAMIDAL          (5-13 NODES)
                EQ.33; ISOPARAMETRIC TETRAHEDRONAL      (4-10 NODES)
                EQ.5 ; TRIANGULAR PLATE - D K T         (3    NODES)
                EQ.6 ; THIN-WALLED BEAM                 (2    NODES)
                EQ.7 ; AXISYMMETRIC SHELL               (2-4  NODES)
                EQ.8 ; ISOPARAMETRIC SHELL              (4-9  NODES)
                EQ.81; ISOPARAMETRIC TRIANGULAR SHELL   (3-6  NODES)
                EQ.82; SHELL - A C S PINSKY & JANG      (9    NODES)
                EQ.83; SHELL - GELIN & BOISSE           (3    NODES)
                EQ.84; SHELL - BATHE & DVORKIN          (4    NODES)
                EQ.85; PLATE - SELECTIVE INTEGRATION    (4-9  NODES)
                EQ.9 ; BEAM SUPERELEMENT                (2-3  NODES)
                EQ.92; CONTACT 2/D                      (2    NODES)
                EQ.93; CONTACT 3/D                      (4    NODES)


           NUMBER OF ELEMENTS IN THE GROUP      1 ............ NE =    8
                GT.0;


           INDICATOR FOR TYPE OF ANALYSIS FOR GROUP     1 . IATYP =    0
                EQ. 0; LINEAR ANALYSIS
                EQ. 1; MATERIALLY NONLINEAR ANALYSIS
                EQ. 2; TOTAL LAGRANGIAN
                EQ. 3; UPDATED LAGRANGIAN
                EQ.-4; LARGE STRAIN - GREEN LAGRANGE
                EQ. 4; LARGE STRAIN - ROTATED GREEN LAGRANGE
                EQ.-5; LARGE STRAIN - LOGARITHMIC STRAIN
                EQ. 5; LARGE STRAIN - ROTATED LOGARITHMIC STRAIN


           NUMBER OF MATERIAL MODELS FOR GROUP      1 ....  NMODM =    1
                EQ.0; NMODM=1
                EQ.1; ELASTIC ISOTROPIC
                EQ.2; ELASTIC ANISOTROPIC
                EQ.3; THERMO-ELASTIC ISOTROPIC
                EQ.4; THERMO-ELASTIC ORTHOTROPIC
                EQ.5; VON MISES ELASTIC-PLASTIC WITH ISOTROPIC HARDENING
                EQ.6; VON MISES ELASTIC-PLASTIC WITH MIXED HARDENING
                EQ.7; SOIL PLASTICITY - GENERAL CAP
                EQ.8; SOIL ANISOTROPIC PLASTICITY (CAM-CLAY)
                EQ.9; SOIL ISOTROPIC PLASTICITY (CAM-CLAY)
               EQ.10; ELASTIC-PLASTIC ORTHOTROPIC
               EQ.11; GAP - STRESS
               EQ.12; GAP - FORCE
               EQ.13; GENERAL ANISOTROPIC ELASTIC-PLASTIC
               EQ.14; VON MISES THERMO-ELASTIC-PLASTIC WITH MIXED HARDENING
               EQ.15; THERMO-ELASTIC WITH CREEP
               EQ.16; VON MISES THERMO-ELASTIC-PLASTIC (WITH MIXED HARDENING)
                      AND CREEP
               EQ.17; VON MISES THERMO-ELASTIC-PLASTIC (WITH MIXED HARDENING)
                      (ORTHOTROPIC)
               EQ.18; THERMO-ELASTIC WITH CREEP (ORTHOTROPIC)
               EQ.19; VON MISES THERMO-ELASTIC-PLASTIC (WITH MIXED HARDENING)
                      AND CREEP (ORTHOTROPIC)
               EQ.20; VON MISES VISCO-PLASTIC ISOTROPIC WITH MIXED HARDENING
               EQ.21; VON MISES VISCO-PLASTIC ORTHOTROPIC WITH MIXED HARDENING
               EQ.22; CAM-CLAY VISCOPLASTICITY
               EQ.23; SOIL CAP MODEL - VISCOPLASTICITY
               EQ.24; LINEAR VISCOELASTIC
               EQ.25; ROCKS-CST / JOINT
               EQ.27; CONCRETE
               EQ.28; RUBBER
               EQ.29; ANAND`S PLASTIC ISOTROPIC
               EQ.30; ELASTIC MATERIAL WITH INTERNAL FRICTION
               EQ.31; HILLS MUSCLE MODEL
               EQ.32; BIOLOGICAL STRESS-STRETCH MODEL FOR PASSIVE STATE
               EQ.33; BIOLOGICAL STRESS-STRETCH MODEL FOR PASSIVE STATE
                      WITH CREEP
               EQ.34; BIOLOGICAL STRESS-STRETCH MODEL FOR ACTIVE STATE
               EQ.40; GURSON
               EQ.61; ISOTROPIC DAMAGE MODEL (OLIVER)



           ELEMENT BIRTH OPTION INDICATOR ................ INDBTH =    0
                EQ.0; OPTION NOT USED
                EQ.1; OPTION USED


           ELEMENT DEATH OPTION INDICATOR ................ INDDTH =    0
                EQ.0; OPTION NOT USED
                EQ.1; OPTION USED


           COORDINATE SYSTEM INDICATOR FOR MATRIX B ...... INDKOV =    0
                EQ.-1; COVARIANT SYSTEM
                EQ.-2; COVARIANT SYSTEM, WITHOUT BNL
                EQ. 0; NOT USED
                EQ. 1; CARTESIAN SYSTEM
                EQ. 2; CARTESIAN SYSTEM, WITHOUT BNL

           INDICATOR FOR INITIAL STRESS ................. ISTRESS =    0
                EQ.-1; CALCULATION OF INITIAL STRESS AND DISPLACEMENT

                EQ. 0; OPTION NOT USED
                EQ. 1; INITIAL STRESS USED (COPY CONFIGURATION FROM LST)

           CORECTION COEFFICIENT FOR SHEAR MODULUS GYZ-COEF1 = 8.333D-01
                EQ.0.; COEF1=5./6

           CORECTION COEFFICIENT FOR SHEAR MODULUS GZX-COEF2 = 8.333D-01
                EQ.0.; COEF2=5./6

           CORECTION COEFFICIENT FOR SHEAR MODULUS GXY-COEF3 = 1.000D+00
                EQ.0.; COEF3=1. 






 CARD NUMBER    77



           NUMBER OF GAUSS POINTS IN R-DIRECTION ......... NGAUSX =    2
                EQ.0; NGAUSX = 2


           NUMBER OF GAUSS POINTS IN S-DIRECTION ......... NGAUSY =    2
                EQ.0; NGAUSY = 2


           NUMBER OF GAUSS POINTS IN T-DIRECTION ......... NGAUSZ =    2
                EQ.0; NGAUSZ = 2


           ANGLE OF FIBER TO REFERENT DIRECTION ....... BETA = 0.000D+00


           METHOD OF INCOMPATIBLE MODES ................... IALFA =    2
                EQ.-1; NOT USED
                EQ. 0; IALFA=2
                EQ. 1;  9 PARAMETERS - TAYLOR
                EQ. 2; 18 PARAMETERS
                EQ. 3; 12 PARAMETERS
                EQ. 6; 30 PARAMETERS



 READING DATA ABOUT ISOPARAMETRIC 3/D ELEMENTS FOR GROUP     1
 -------------------------------------------------------------


 ELEME  NOD1 NOD2 NOD3 NOD4 NOD5 NOD6 NOD7 NOD8  MATER COORD STRES STRES  STEP
 NUMBE                                            NUMB PRINT PRINT  NODE GENER
       NOD9 NO10 NO11 NO12 NO13 NO14 NO15 NO16 NO17 NO18 NO19 NO20 NO21
        25         27        15        12        19         9         2         1         8      1     0     0     0     0
               0         0         0         0         0         0         0         0         0         0         0         0         0
        26         26        11        15        27         4         3         2         9      1     0     0     0     0
               0         0         0         0         0         0         0         0         0         0         0         0         0
        27         23        27        19        16         6         9         8         7      1     0     0     0     0
               0         0         0         0         0         0         0         0         0         0         0         0         0
        28         20        26        27        23         5         4         9         6      1     0     0     0     0
               0         0         0         0         0         0         0         0         0         0         0         0         0
        29         25        14        13        18        27        15        12        19      1     0     0     0     0
               0         0         0         0         0         0         0         0         0         0         0         0         0
        30         24        10        14        25        26        11        15        27      1     0     0     0     0
               0         0         0         0         0         0         0         0         0         0         0         0         0
        31         22        25        18        17        23        27        19        16      1     0     0     0     0
               0         0         0         0         0         0         0         0         0         0         0         0         0
        32         21        24        25        22        20        26        27        23      1     0     0     0     0
               0         0         0         0         0         0         0         0         0         0         0         0         0






 CARD FROM NUMBER    82 TO  105



 GENERATED DATA ABOUT TO ISOPARAMETRIC 3/D ELEMENTS FOR GROUP     1
 ------------------------------------------------------------------


 ELEME  NOD1 NOD2 NOD3 NOD4 NOD5 NOD6 NOD7 NOD8  MATER COORD STRES STRES
 NUMBE                                            NUMB PRINT PRINT  NODE
       NOD9 NO10 NO11 NO12 NO13 NO14 NO15 NO16 NO17 NO18 NO19 NO20 NO21
        25         27        15        12        19         9         2         1         8      1     0     0     0
        26         26        11        15        27         4         3         2         9      1     0     0     0
        27         23        27        19        16         6         9         8         7      1     0     0     0
        28         20        26        27        23         5         4         9         6      1     0     0     0
        29         25        14        13        18        27        15        12        19      1     0     0     0
        30         24        10        14        25        26        11        15        27      1     0     0     0
        31         22        25        18        17        23        27        19        16      1     0     0     0
        32         21        24        25        22        20        26        27        23      1     0     0     0


 MINIMAL DISTANCE BETWEEN NODES      27 AND      15 IN ELEMENT      25 IS DISTANCE= 5.00000E-01



           GROUP NUMBER    1  SPACE IN WORKING VECTOR ... NPROS =    16624

  POSLE UCELE LMAX         996


 DIMENSION OF SYSTEM MATRIX:           54
 TOTAL NUMBER OF MEMBERS   :         1069
 NUMBER OF MEMBERS = 0     :          223  OR    21. %
 NUMBER OF NONZERO MEMBERS :          846  OR    79. %
 REQUIRED DIMENSION IN MAIN ARRAY     :         1962
 REQUIRED DIMENSION IN AUXILIARY ARRAY:          846
 TOTAL REQUIRED DIMENSION IN MAIN AND AUXILIARY ARRAY:         2808





1
 CARD NUMBER   108



      D A T A    F O R    T I M E    F U N C T I O N S
      ------------------------------------------------


           NUMBER OF DIFFERENT TIME FUNCTIONS ............ NTABFT =    1
                EQ.0; THERE ARE NO TIME FUNCTIONS


           MAX NO OF POINTS FOR DEFINITION OF TIME FUNCT . MAXTFT =  100
                EQ.0; THERE ARE NO TIME FUNCTIONS
                EQ.1; TIME FUNCTIONS ARE CONSTANT
                GT.1; TIME FUNCTIONS ARE VARIABLE






      T I M E    F U N C T I O N S
      ----------------------------






 CARD FROM NUMBER   111 TO  115



      FUNCTION SEQUENCE NUMBER ....................... =    1
      NUMBER OF POINTS FOR TIME FUNCTION DEFINITION .. =    2


            ARGUMENT      FUNCTION
          0.00000D+00   1.00000D+00
          1.00000D+04   1.00000D+00



1


      G E N E R A L    D A T A    A B O U T    L O A D S
      --------------------------------------------------






 CARD NUMBER   118



           NUMBER OF CONCENTRATED FORCES AND MOMENTS ........ NCF =        0
                EQ.0; NO CONCENTARTED FORCES


           NUMBER OF LINES UNDER PRESSURE .................. NPP2 =        0
                EQ.0; NO LINES UNDER PRESSURE


           NUMBER OF SURFACES UNDER PRESSURE ............... NPP3 =        4
                EQ.0; NO SURFACES UNDER PRESSURE


           NUMBER OF THIN-WALLED BEAM NODES UNDER PRESSURE . NPGR =        0
                EQ.0; NO THIN-WALLED BEAMS UNDER PRESSURE


           NUMBER OF AXISYMMETRIC SHELLS UNDER PRESSURE .... NPLJ =        0
                EQ.0; NO AXISYMMETRIC SHELLS UNDER PRESSURE


           NUMBER OF NODES WITH TEMPERATURE ............... NTEMP =        0
                LT.0; TEMPERATURES ARE READ FROM UNIT 56
                EQ.0; TEMPERATURES ARE NOT USED IN ANALYSIS


           NUMBER OF PRESCRIBED DISPLACEMENTS ............. NZADP =        0
                EQ.0; NO PRESCRIBED DISPLACEMENTS


           INDICATOR FOR BODY FORCES ...................... INDZS =        0
                EQ.0; NO BODY FORCES


           NUMBER OF STEPS FOR FILTRATION FORCES ......... ICERNE =        0
                EQ.0; NO FILTRATION FORCES



1
      D A T A   A B O U T   S U R F A C E S   U N D E R   P R E S S U R E
      -------------------------------------------------------------------






      R E A D I N G    D A T A


  FUNC  INDI     P R O P O R T I O N A L I T Y     F A C T O R S        STEP
  NUMB  DIRE     NODE1 NODE2 NODE3 NODE4 NODE5 NODE6 NODE7 NODE8 NODE9  GENE
     1     0      1.0000D+01  1.0000D+01  1.0000D+01  1.0000D+01           0
                         1         2         9         8         0         0         0         0         0
 NODE,  N =        1 IN DIRECTION 1 IS FIXED, READ LOAD IS IGNORED
 NODE,  N =        1 IN DIRECTION 2 IS FIXED, READ LOAD IS IGNORED
 NODE,  N =        2 IN DIRECTION 2 IS FIXED, READ LOAD IS IGNORED
 NODE,  N =        8 IN DIRECTION 1 IS FIXED, READ LOAD IS IGNORED
     1     0      1.0000D+01  1.0000D+01  1.0000D+01  1.0000D+01           0
                         2         3         4         9         0         0         0         0         0
 NODE,  N =        2 IN DIRECTION 2 IS FIXED, READ LOAD IS IGNORED
 NODE,  N =        3 IN DIRECTION 2 IS FIXED, READ LOAD IS IGNORED
     1     0      1.0000D+01  1.0000D+01  1.0000D+01  1.0000D+01           0
                         8         9         6         7         0         0         0         0         0
 NODE,  N =        8 IN DIRECTION 1 IS FIXED, READ LOAD IS IGNORED
 NODE,  N =        7 IN DIRECTION 1 IS FIXED, READ LOAD IS IGNORED
     1     0      1.0000D+01  1.0000D+01  1.0000D+01  1.0000D+01           0
                         9         4         5         6         0         0         0         0         0






 CARD FROM NUMBER   124 TO  131



      G E N E R A T E D    D A T A


  FUNC  INDI     P R O P O R T I O N A L I T Y     F A C T O R S
  NUMB  DIRE     NODE1 NODE2 NODE3 NODE4 NODE5 NODE6 NODE7 NODE8 NODE9
     1     0      1.0000D+01  1.0000D+01  1.0000D+01  1.0000D+01
                         1         2         9         8         0         0         0         0         0
     1     0      1.0000D+01  1.0000D+01  1.0000D+01  1.0000D+01
                         2         3         4         9         0         0         0         0         0
     1     0      1.0000D+01  1.0000D+01  1.0000D+01  1.0000D+01
                         8         9         6         7         0         0         0         0         0
     1     0      1.0000D+01  1.0000D+01  1.0000D+01  1.0000D+01
                         9         4         5         6         0         0         0         0         0



1


      DATA ABOUT DIMENSIONS OF THE SYSTEM MATRIX AND THE WORKING ARRAY A
      ------------------------------------------------------------------



           NUMBER OF EQUATIONS ......................... JEDN =        54

           NUMBER OF ELEMENTS IN THE SYSTEM MATRIX ...... NWK =       846

           MAXIMUM HEIGHT COLUMN IN THE SYSTEM MATRIX ... MHC =        54

           REQUIRED DIMENSION IN THE WORKING ARRAY ..... LMAX =     23802

           MAXIMUM TOTAL STORAGE AVAILABLE ............. MTOT = 400000000



 NGE,GRZAP,ITER           1   1.00000000000000                0
 kkk           1



             T O T A L   F O R C E S   A N D   M O M E N T S
           FX           FY           FZ           MX           MY           MZ
  0.00000D+00  0.00000D+00 -1.00000D+01  0.00000D+00  0.00000D+00  0.00000D+00
 kkk           2
 NGE,GRZAP,ITER           1   1.00000000000000                0



           LARGEST DIAGONAL ELEMENT OF STIFFNESS MATRIX ..... = 0.00000E+00
           SMALLEST DIAGONAL ELEMENT OF STIFFNESS MATRIX .... = 0.00000E+00

           LARGEST DIAGONAL ELEMENT OF THE FACTORIZED MATRIX  = 0.00000E+00
           SMALLEST DIAGONAL ELEMENT OF THE FACTORIZED MATRIX = 0.00000E+00



1
 COMPONENTS  OF  DISPLACEMENTS  AND  ROTATIONS
 ---------------------------------------------


 S T E P  N U M B E R =    1                      T I M E = 1.00000E+00


  NODE     X           Y           Z           XT          YT          ZT
          1  0.0000E+00  0.0000E+00 -6.2500E-01  0.0000E+00  0.0000E+00  0.0000E+00
          2  0.0000E+00  0.0000E+00 -1.2500E+00  0.0000E+00  0.0000E+00  0.0000E+00
          3  0.0000E+00  0.0000E+00 -6.2500E-01  0.0000E+00  0.0000E+00  0.0000E+00
          4  0.0000E+00  0.0000E+00 -1.2500E+00  0.0000E+00  0.0000E+00  0.0000E+00
          5  0.0000E+00  0.0000E+00 -6.2500E-01  0.0000E+00  0.0000E+00  0.0000E+00
          6  0.0000E+00  0.0000E+00 -1.2500E+00  0.0000E+00  0.0000E+00  0.0000E+00
          7  0.0000E+00  0.0000E+00 -6.2500E-01  0.0000E+00  0.0000E+00  0.0000E+00
          8  0.0000E+00  0.0000E+00 -1.2500E+00  0.0000E+00  0.0000E+00  0.0000E+00
          9  0.0000E+00  0.0000E+00 -2.5000E+00  0.0000E+00  0.0000E+00  0.0000E+00
         10  0.0000E+00  0.0000E+00  0.0000E+00  0.0000E+00  0.0000E+00  0.0000E+00
         11  0.0000E+00  0.0000E+00  0.0000E+00  0.0000E+00  0.0000E+00  0.0000E+00
         12  0.0000E+00  0.0000E+00  0.0000E+00  0.0000E+00  0.0000E+00  0.0000E+00
         13  0.0000E+00  0.0000E+00  0.0000E+00  0.0000E+00  0.0000E+00  0.0000E+00
         14  0.0000E+00  0.0000E+00  0.0000E+00  0.0000E+00  0.0000E+00  0.0000E+00
         15  0.0000E+00  0.0000E+00  0.0000E+00  0.0000E+00  0.0000E+00  0.0000E+00
         16  0.0000E+00  0.0000E+00  0.0000E+00  0.0000E+00  0.0000E+00  0.0000E+00
         17  0.0000E+00  0.0000E+00  0.0000E+00  0.0000E+00  0.0000E+00  0.0000E+00
         18  0.0000E+00  0.0000E+00  0.0000E+00  0.0000E+00  0.0000E+00  0.0000E+00
         19  0.0000E+00  0.0000E+00  0.0000E+00  0.0000E+00  0.0000E+00  0.0000E+00
         20  0.0000E+00  0.0000E+00  0.0000E+00  0.0000E+00  0.0000E+00  0.0000E+00
         21  0.0000E+00  0.0000E+00  0.0000E+00  0.0000E+00  0.0000E+00  0.0000E+00
         22  0.0000E+00  0.0000E+00  0.0000E+00  0.0000E+00  0.0000E+00  0.0000E+00
         23  0.0000E+00  0.0000E+00  0.0000E+00  0.0000E+00  0.0000E+00  0.0000E+00
         24  0.0000E+00  0.0000E+00  0.0000E+00  0.0000E+00  0.0000E+00  0.0000E+00
         25  0.0000E+00  0.0000E+00  0.0000E+00  0.0000E+00  0.0000E+00  0.0000E+00
         26  0.0000E+00  0.0000E+00  0.0000E+00  0.0000E+00  0.0000E+00  0.0000E+00
         27  0.0000E+00  0.0000E+00  0.0000E+00  0.0000E+00  0.0000E+00  0.0000E+00


 MAXIMUM DISPLACEMENT:
 NODE =     9   MAX DISPL  =  2.5000E+00





 T I M E    F U N C T I O N S
 ----------------------------
  FUNCTION         VALUE
         1      1.00000E+00

1


 LOCAL STRESS COMPONENTS OF ISOPARAMETRIC 3/D ELEMENTS FOR GROUP     1
 ---------------------------------------------------------------------

 ELEMENT /
 IR IS IT  STRESS-RR  STRESS-SS  STRESS-TT  STRESS-RS  STRESS-ST  STRESS-TR
           EF.STRESS   PRINC(1)   PRINC(2)   PRINC(3)    TEMPER.

      25
  1  1  1 -1.462E+07 -1.462E+07 -2.649E+07  2.203E+04  3.165E+06  3.165E+06
 TO.STRA. -2.291E-01 -2.291E-01 -1.771E+00  5.728E-03 -8.229E-01 -8.229E-01
           1.417E+07 -1.310E+07 -1.465E+07 -2.798E+07
         V1  6.706E-01 -7.071E-01 -2.243E-01
         V2  6.706E-01  7.071E-01 -2.243E-01
         V3  3.172E-01  3.191E-16  9.483E-01
           2.538E+00  4.004E-01 -2.348E-01 -2.395E+00
         V1 -6.232E-01  7.071E-01  3.340E-01
         V2 -6.232E-01 -7.071E-01  3.340E-01
         V3  4.724E-01  6.079E-16  8.814E-01
  1  1  2 -1.546E+07 -1.546E+07 -2.825E+07 -2.203E+04  3.165E+06  3.165E+06
 TO.STRA. -2.348E-01 -2.348E-01 -1.897E+00 -5.728E-03 -8.229E-01 -8.229E-01
           1.495E+07 -1.407E+07 -1.544E+07 -2.966E+07
         V1 -6.743E-01  7.071E-01 -2.129E-01
         V2 -6.743E-01 -7.071E-01 -2.129E-01
         V3 -3.011E-01 -1.243E-15  9.536E-01
           2.613E+00  3.596E-01 -2.291E-01 -2.497E+00
         V1  6.285E-01 -7.071E-01  3.241E-01
         V2  6.285E-01  7.071E-01  3.241E-01
         V3 -4.583E-01  2.691E-16  8.888E-01
  1  2  1 -1.783E+07 -1.426E+07 -3.734E+07  2.203E+04  3.165E+06  4.046E+06
 TO.STRA.  2.291E-01 -2.348E-01 -2.771E+00  5.728E-03 -1.052E+00 -8.229E-01
           2.329E+07 -1.374E+07 -1.714E+07 -3.854E+07
         V1  1.621E-01 -9.683E-01 -1.900E-01
         V2  9.740E-01  1.879E-01 -1.267E-01
         V3  1.584E-01 -1.646E-01  9.736E-01
           3.630E+00  5.767E-01 -3.373E-02 -3.320E+00
         V1 -8.228E-01  5.266E-01  2.139E-01
         V2 -4.522E-01 -8.345E-01  3.149E-01
         V3  3.443E-01  1.624E-01  9.247E-01
  1  2  2 -1.699E+07 -1.342E+07 -3.558E+07 -2.203E+04  3.165E+06  4.046E+06
 TO.STRA.  2.348E-01 -2.291E-01 -2.645E+00 -5.728E-03 -1.052E+00 -8.229E-01
           2.244E+07 -1.289E+07 -1.627E+07 -3.683E+07
         V1  1.565E-01 -9.676E-01 -1.982E-01
         V2  9.740E-01  1.845E-01 -1.315E-01
         V3  1.638E-01 -1.725E-01  9.713E-01
           3.539E+00  5.886E-01 -1.466E-02 -3.214E+00
         V1 -8.188E-01  5.303E-01  2.201E-01
         V2 -4.511E-01 -8.313E-01  3.247E-01
         V3  3.551E-01  1.666E-01  9.199E-01
  2  1  1 -1.426E+07 -1.783E+07 -3.734E+07  2.203E+04  4.046E+06  3.165E+06
 TO.STRA. -2.348E-01  2.291E-01 -2.771E+00  5.728E-03 -8.229E-01 -1.052E+00
           2.329E+07 -1.374E+07 -1.714E+07 -3.854E+07
         V1 -9.740E-01  1.879E-01 -1.267E-01
         V2 -1.621E-01 -9.683E-01 -1.900E-01
         V3 -1.584E-01 -1.646E-01  9.736E-01
           3.630E+00  5.767E-01 -3.373E-02 -3.320E+00
         V1  4.522E-01 -8.345E-01  3.149E-01
         V2  8.228E-01  5.266E-01  2.139E-01
         V3 -3.443E-01  1.624E-01  9.247E-01
  2  1  2 -1.342E+07 -1.699E+07 -3.558E+07 -2.203E+04  4.046E+06  3.165E+06
 TO.STRA. -2.291E-01  2.348E-01 -2.645E+00 -5.728E-03 -8.229E-01 -1.052E+00
           2.244E+07 -1.289E+07 -1.627E+07 -3.683E+07
         V1 -9.740E-01  1.845E-01 -1.315E-01
         V2 -1.565E-01 -9.676E-01 -1.982E-01
         V3 -1.638E-01 -1.725E-01  9.713E-01
           3.539E+00  5.886E-01 -1.466E-02 -3.214E+00
         V1  4.511E-01 -8.313E-01  3.247E-01
         V2  8.188E-01  5.303E-01  2.201E-01
         V3 -3.551E-01  1.666E-01  9.199E-01
  2  2  1 -1.819E+07 -1.819E+07 -5.028E+07  2.203E+04  4.046E+06  4.046E+06
 TO.STRA.  2.348E-01  2.348E-01 -3.936E+00  5.728E-03 -1.052E+00 -1.052E+00
           3.358E+07 -1.718E+07 -1.821E+07 -5.127E+07
         V1 -6.968E-01  7.071E-01 -1.205E-01
         V2 -6.968E-01 -7.071E-01 -1.205E-01
         V3 -1.704E-01 -4.106E-15  9.854E-01
           4.903E+00  7.164E-01  2.291E-01 -4.412E+00
         V1 -6.735E-01  7.071E-01  2.154E-01
         V2 -6.735E-01 -7.071E-01  2.154E-01
         V3  3.046E-01 -4.285E-16  9.525E-01
  2  2  2 -1.903E+07 -1.903E+07 -5.204E+07 -2.203E+04  4.046E+06  4.046E+06
 TO.STRA.  2.291E-01  2.291E-01 -4.062E+00 -5.728E-03 -1.052E+00 -1.052E+00
           3.447E+07 -1.809E+07 -1.901E+07 -5.300E+07
         V1 -6.973E-01  7.071E-01 -1.175E-01
         V2 -6.973E-01 -7.071E-01 -1.175E-01
         V3 -1.662E-01 -3.013E-15  9.861E-01
           5.006E+00  6.893E-01  2.348E-01 -4.528E+00
         V1  6.748E-01 -7.071E-01  2.113E-01
         V2  6.748E-01  7.071E-01  2.113E-01
         V3 -2.988E-01 -6.381E-16  9.543E-01

      26
  1  1  1 -1.783E+07 -1.426E+07 -3.734E+07 -2.203E+04 -3.165E+06  4.046E+06
 TO.STRA.  2.291E-01 -2.348E-01 -2.771E+00 -5.728E-03 -1.052E+00  8.229E-01
           2.329E+07 -1.374E+07 -1.714E+07 -3.854E+07
         V1 -1.621E-01 -9.683E-01 -1.900E-01
         V2  9.740E-01 -1.879E-01  1.267E-01
         V3 -1.584E-01 -1.646E-01  9.736E-01
           3.630E+00  5.767E-01 -3.373E-02 -3.320E+00
         V1 -8.228E-01 -5.266E-01 -2.139E-01
         V2  4.522E-01 -8.345E-01  3.149E-01
         V3 -3.443E-01  1.624E-01  9.247E-01
  1  1  2 -1.699E+07 -1.342E+07 -3.558E+07  2.203E+04 -3.165E+06  4.046E+06
 TO.STRA.  2.348E-01 -2.291E-01 -2.645E+00  5.728E-03 -1.052E+00  8.229E-01
           2.244E+07 -1.289E+07 -1.627E+07 -3.683E+07
         V1 -1.565E-01 -9.676E-01 -1.982E-01
         V2  9.740E-01 -1.845E-01  1.315E-01
         V3 -1.638E-01 -1.725E-01  9.713E-01
           3.539E+00  5.886E-01 -1.466E-02 -3.214E+00
         V1 -8.188E-01 -5.303E-01 -2.201E-01
         V2  4.511E-01 -8.313E-01  3.247E-01
         V3 -3.551E-01  1.666E-01  9.199E-01
  1  2  1 -1.462E+07 -1.462E+07 -2.649E+07 -2.203E+04 -3.165E+06  3.165E+06
 TO.STRA. -2.291E-01 -2.291E-01 -1.771E+00 -5.728E-03 -8.229E-01  8.229E-01
           1.417E+07 -1.310E+07 -1.465E+07 -2.798E+07
         V1 -6.706E-01 -7.071E-01 -2.243E-01
         V2  6.706E-01 -7.071E-01  2.243E-01
         V3 -3.172E-01 -3.642E-16  9.483E-01
           2.538E+00  4.004E-01 -2.348E-01 -2.395E+00
         V1 -6.232E-01 -7.071E-01 -3.340E-01
         V2  6.232E-01 -7.071E-01  3.340E-01
         V3 -4.724E-01 -1.690E-16  8.814E-01
  1  2  2 -1.546E+07 -1.546E+07 -2.825E+07  2.203E+04 -3.165E+06  3.165E+06
 TO.STRA. -2.348E-01 -2.348E-01 -1.897E+00  5.728E-03 -8.229E-01  8.229E-01
           1.495E+07 -1.407E+07 -1.544E+07 -2.966E+07
         V1 -6.743E-01 -7.071E-01 -2.129E-01
         V2  6.743E-01 -7.071E-01  2.129E-01
         V3 -3.011E-01 -3.358E-16  9.536E-01
           2.613E+00  3.596E-01 -2.291E-01 -2.497E+00
         V1 -6.285E-01 -7.071E-01 -3.241E-01
         V2  6.285E-01 -7.071E-01  3.241E-01
         V3 -4.583E-01  1.911E-16  8.888E-01
  2  1  1 -1.819E+07 -1.819E+07 -5.028E+07 -2.203E+04 -4.046E+06  4.046E+06
 TO.STRA.  2.348E-01  2.348E-01 -3.936E+00 -5.728E-03 -1.052E+00  1.052E+00
           3.358E+07 -1.718E+07 -1.821E+07 -5.127E+07
         V1 -6.968E-01 -7.071E-01 -1.205E-01
         V2  6.968E-01 -7.071E-01  1.205E-01
         V3 -1.704E-01  1.614E-15  9.854E-01
           4.903E+00  7.164E-01  2.291E-01 -4.412E+00
         V1 -6.735E-01 -7.071E-01 -2.154E-01
         V2  6.735E-01 -7.071E-01  2.154E-01
         V3 -3.046E-01  1.239E-15  9.525E-01
  2  1  2 -1.903E+07 -1.903E+07 -5.204E+07  2.203E+04 -4.046E+06  4.046E+06
 TO.STRA.  2.291E-01  2.291E-01 -4.062E+00  5.728E-03 -1.052E+00  1.052E+00
           3.447E+07 -1.809E+07 -1.901E+07 -5.300E+07
         V1 -6.973E-01 -7.071E-01 -1.175E-01
         V2  6.973E-01 -7.071E-01  1.175E-01
         V3 -1.662E-01  3.005E-15  9.861E-01
           5.006E+00  6.893E-01  2.348E-01 -4.528E+00
         V1 -6.748E-01 -7.071E-01 -2.113E-01
         V2  6.748E-01 -7.071E-01  2.113E-01
         V3 -2.988E-01  1.034E-15  9.543E-01
  2  2  1 -1.426E+07 -1.783E+07 -3.734E+07 -2.203E+04 -4.046E+06  3.165E+06
 TO.STRA. -2.348E-01  2.291E-01 -2.771E+00 -5.728E-03 -8.229E-01  1.052E+00
           2.329E+07 -1.374E+07 -1.714E+07 -3.854E+07
         V1 -9.740E-01 -1.879E-01 -1.267E-01
         V2  1.621E-01 -9.683E-01  1.900E-01
         V3 -1.584E-01  1.646E-01  9.736E-01
           3.630E+00  5.767E-01 -3.373E-02 -3.320E+00
         V1 -4.522E-01 -8.345E-01 -3.149E-01
         V2  8.228E-01 -5.266E-01  2.139E-01
         V3 -3.443E-01 -1.624E-01  9.247E-01
  2  2  2 -1.342E+07 -1.699E+07 -3.558E+07  2.203E+04 -4.046E+06  3.165E+06
 TO.STRA. -2.291E-01  2.348E-01 -2.645E+00  5.728E-03 -8.229E-01  1.052E+00
           2.244E+07 -1.289E+07 -1.627E+07 -3.683E+07
         V1 -9.740E-01 -1.845E-01 -1.315E-01
         V2  1.565E-01 -9.676E-01  1.982E-01
         V3 -1.638E-01  1.725E-01  9.713E-01
           3.539E+00  5.886E-01 -1.466E-02 -3.214E+00
         V1 -4.511E-01 -8.313E-01 -3.247E-01
         V2  8.188E-01 -5.303E-01  2.201E-01
         V3 -3.551E-01 -1.666E-01  9.199E-01

      27
  1  1  1 -1.426E+07 -1.783E+07 -3.734E+07 -2.203E+04  4.046E+06 -3.165E+06
 TO.STRA. -2.348E-01  2.291E-01 -2.771E+00 -5.728E-03  8.229E-01 -1.052E+00
           2.329E+07 -1.374E+07 -1.714E+07 -3.854E+07
         V1 -9.740E-01 -1.879E-01  1.267E-01
         V2  1.621E-01 -9.683E-01 -1.900E-01
         V3  1.584E-01 -1.646E-01  9.736E-01
           3.630E+00  5.767E-01 -3.373E-02 -3.320E+00
         V1 -4.522E-01 -8.345E-01  3.149E-01
         V2  8.228E-01 -5.266E-01 -2.139E-01
         V3  3.443E-01  1.624E-01  9.247E-01
  1  1  2 -1.342E+07 -1.699E+07 -3.558E+07  2.203E+04  4.046E+06 -3.165E+06
 TO.STRA. -2.291E-01  2.348E-01 -2.645E+00  5.728E-03  8.229E-01 -1.052E+00
           2.244E+07 -1.289E+07 -1.627E+07 -3.683E+07
         V1 -9.740E-01 -1.845E-01  1.315E-01
         V2  1.565E-01 -9.676E-01 -1.982E-01
         V3  1.638E-01 -1.725E-01  9.713E-01
           3.539E+00  5.886E-01 -1.466E-02 -3.214E+00
         V1 -4.511E-01 -8.313E-01  3.247E-01
         V2  8.188E-01 -5.303E-01 -2.201E-01
         V3  3.551E-01  1.666E-01  9.199E-01
  1  2  1 -1.819E+07 -1.819E+07 -5.028E+07 -2.203E+04  4.046E+06 -4.046E+06
 TO.STRA.  2.348E-01  2.348E-01 -3.936E+00 -5.728E-03  1.052E+00 -1.052E+00
           3.358E+07 -1.718E+07 -1.821E+07 -5.127E+07
         V1 -6.968E-01 -7.071E-01  1.205E-01
         V2  6.968E-01 -7.071E-01 -1.205E-01
         V3  1.704E-01 -2.388E-16  9.854E-01
           4.903E+00  7.164E-01  2.291E-01 -4.412E+00
         V1 -6.735E-01 -7.071E-01  2.154E-01
         V2  6.735E-01 -7.071E-01 -2.154E-01
         V3  3.046E-01 -3.444E-16  9.525E-01
  1  2  2 -1.903E+07 -1.903E+07 -5.204E+07  2.203E+04  4.046E+06 -4.046E+06
 TO.STRA.  2.291E-01  2.291E-01 -4.062E+00  5.728E-03  1.052E+00 -1.052E+00
           3.447E+07 -1.809E+07 -1.901E+07 -5.300E+07
         V1 -6.973E-01 -7.071E-01  1.175E-01
         V2  6.973E-01 -7.071E-01 -1.175E-01
         V3  1.662E-01 -6.441E-15  9.861E-01
           5.006E+00  6.893E-01  2.348E-01 -4.528E+00
         V1 -6.748E-01 -7.071E-01  2.113E-01
         V2  6.748E-01 -7.071E-01 -2.113E-01
         V3  2.988E-01 -5.888E-16  9.543E-01
  2  1  1 -1.462E+07 -1.462E+07 -2.649E+07 -2.203E+04  3.165E+06 -3.165E+06
 TO.STRA. -2.291E-01 -2.291E-01 -1.771E+00 -5.728E-03  8.229E-01 -8.229E-01
           1.417E+07 -1.310E+07 -1.465E+07 -2.798E+07
         V1 -6.706E-01 -7.071E-01  2.243E-01
         V2  6.706E-01 -7.071E-01 -2.243E-01
         V3  3.172E-01  4.587E-16  9.483E-01
           2.538E+00  4.004E-01 -2.348E-01 -2.395E+00
         V1 -6.232E-01 -7.071E-01  3.340E-01
         V2  6.232E-01 -7.071E-01 -3.340E-01
         V3  4.724E-01 -1.180E-16  8.814E-01
  2  1  2 -1.546E+07 -1.546E+07 -2.825E+07  2.203E+04  3.165E+06 -3.165E+06
 TO.STRA. -2.348E-01 -2.348E-01 -1.897E+00  5.728E-03  8.229E-01 -8.229E-01
           1.495E+07 -1.407E+07 -1.544E+07 -2.966E+07
         V1 -6.743E-01 -7.071E-01  2.129E-01
         V2  6.743E-01 -7.071E-01 -2.129E-01
         V3  3.011E-01 -3.724E-16  9.536E-01
           2.613E+00  3.596E-01 -2.291E-01 -2.497E+00
         V1 -6.285E-01 -7.071E-01  3.241E-01
         V2  6.285E-01 -7.071E-01 -3.241E-01
         V3  4.583E-01 -2.664E-16  8.888E-01
  2  2  1 -1.783E+07 -1.426E+07 -3.734E+07 -2.203E+04  3.165E+06 -4.046E+06
 TO.STRA.  2.291E-01 -2.348E-01 -2.771E+00 -5.728E-03  1.052E+00 -8.229E-01
           2.329E+07 -1.374E+07 -1.714E+07 -3.854E+07
         V1 -1.621E-01 -9.683E-01  1.900E-01
         V2  9.740E-01 -1.879E-01 -1.267E-01
         V3  1.584E-01  1.646E-01  9.736E-01
           3.630E+00  5.767E-01 -3.373E-02 -3.320E+00
         V1 -8.228E-01 -5.266E-01  2.139E-01
         V2  4.522E-01 -8.345E-01 -3.149E-01
         V3  3.443E-01 -1.624E-01  9.247E-01
  2  2  2 -1.699E+07 -1.342E+07 -3.558E+07  2.203E+04  3.165E+06 -4.046E+06
 TO.STRA.  2.348E-01 -2.291E-01 -2.645E+00  5.728E-03  1.052E+00 -8.229E-01
           2.244E+07 -1.289E+07 -1.627E+07 -3.683E+07
         V1 -1.565E-01 -9.676E-01  1.982E-01
         V2  9.740E-01 -1.845E-01 -1.315E-01
         V3  1.638E-01  1.725E-01  9.713E-01
           3.539E+00  5.886E-01 -1.466E-02 -3.214E+00
         V1 -8.188E-01 -5.303E-01  2.201E-01
         V2  4.511E-01 -8.313E-01 -3.247E-01
         V3  3.551E-01 -1.666E-01  9.199E-01

      28
  1  1  1 -1.819E+07 -1.819E+07 -5.028E+07  2.203E+04 -4.046E+06 -4.046E+06
 TO.STRA.  2.348E-01  2.348E-01 -3.936E+00  5.728E-03  1.052E+00  1.052E+00
           3.358E+07 -1.718E+07 -1.821E+07 -5.127E+07
         V1 -6.968E-01  7.071E-01  1.205E-01
         V2 -6.968E-01 -7.071E-01  1.205E-01
         V3  1.704E-01  3.304E-16  9.854E-01
           4.903E+00  7.164E-01  2.291E-01 -4.412E+00
         V1  6.735E-01 -7.071E-01 -2.154E-01
         V2  6.735E-01  7.071E-01 -2.154E-01
         V3  3.046E-01 -1.259E-15  9.525E-01
  1  1  2 -1.903E+07 -1.903E+07 -5.204E+07 -2.203E+04 -4.046E+06 -4.046E+06
 TO.STRA.  2.291E-01  2.291E-01 -4.062E+00 -5.728E-03  1.052E+00  1.052E+00
           3.447E+07 -1.809E+07 -1.901E+07 -5.300E+07
         V1 -6.973E-01  7.071E-01  1.175E-01
         V2 -6.973E-01 -7.071E-01  1.175E-01
         V3  1.662E-01  6.399E-15  9.861E-01
           5.006E+00  6.893E-01  2.348E-01 -4.528E+00
         V1  6.748E-01 -7.071E-01 -2.113E-01
         V2  6.748E-01  7.071E-01 -2.113E-01
         V3  2.988E-01 -1.050E-15  9.543E-01
  1  2  1 -1.426E+07 -1.783E+07 -3.734E+07  2.203E+04 -4.046E+06 -3.165E+06
 TO.STRA. -2.348E-01  2.291E-01 -2.771E+00  5.728E-03  8.229E-01  1.052E+00
           2.329E+07 -1.374E+07 -1.714E+07 -3.854E+07
         V1 -9.740E-01  1.879E-01  1.267E-01
         V2 -1.621E-01 -9.683E-01  1.900E-01
         V3  1.584E-01  1.646E-01  9.736E-01
           3.630E+00  5.767E-01 -3.373E-02 -3.320E+00
         V1  4.522E-01 -8.345E-01 -3.149E-01
         V2  8.228E-01  5.266E-01 -2.139E-01
         V3  3.443E-01 -1.624E-01  9.247E-01
  1  2  2 -1.342E+07 -1.699E+07 -3.558E+07 -2.203E+04 -4.046E+06 -3.165E+06
 TO.STRA. -2.291E-01  2.348E-01 -2.645E+00 -5.728E-03  8.229E-01  1.052E+00
           2.244E+07 -1.289E+07 -1.627E+07 -3.683E+07
         V1 -9.740E-01  1.845E-01  1.315E-01
         V2 -1.565E-01 -9.676E-01  1.982E-01
         V3  1.638E-01  1.725E-01  9.713E-01
           3.539E+00  5.886E-01 -1.466E-02 -3.214E+00
         V1  4.511E-01 -8.313E-01 -3.247E-01
         V2  8.188E-01  5.303E-01 -2.201E-01
         V3  3.551E-01 -1.666E-01  9.199E-01
  2  1  1 -1.783E+07 -1.426E+07 -3.734E+07  2.203E+04 -3.165E+06 -4.046E+06
 TO.STRA.  2.291E-01 -2.348E-01 -2.771E+00  5.728E-03  1.052E+00  8.229E-01
           2.329E+07 -1.374E+07 -1.714E+07 -3.854E+07
         V1  1.621E-01 -9.683E-01  1.900E-01
         V2  9.740E-01  1.879E-01  1.267E-01
         V3 -1.584E-01  1.646E-01  9.736E-01
           3.630E+00  5.767E-01 -3.373E-02 -3.320E+00
         V1 -8.228E-01  5.266E-01 -2.139E-01
         V2 -4.522E-01 -8.345E-01 -3.149E-01
         V3 -3.443E-01 -1.624E-01  9.247E-01
  2  1  2 -1.699E+07 -1.342E+07 -3.558E+07 -2.203E+04 -3.165E+06 -4.046E+06
 TO.STRA.  2.348E-01 -2.291E-01 -2.645E+00 -5.728E-03  1.052E+00  8.229E-01
           2.244E+07 -1.289E+07 -1.627E+07 -3.683E+07
         V1  1.565E-01 -9.676E-01  1.982E-01
         V2  9.740E-01  1.845E-01  1.315E-01
         V3 -1.638E-01  1.725E-01  9.713E-01
           3.539E+00  5.886E-01 -1.466E-02 -3.214E+00
         V1 -8.188E-01  5.303E-01 -2.201E-01
         V2 -4.511E-01 -8.313E-01 -3.247E-01
         V3 -3.551E-01 -1.666E-01  9.199E-01
  2  2  1 -1.462E+07 -1.462E+07 -2.649E+07  2.203E+04 -3.165E+06 -3.165E+06
 TO.STRA. -2.291E-01 -2.291E-01 -1.771E+00  5.728E-03  8.229E-01  8.229E-01
           1.417E+07 -1.310E+07 -1.465E+07 -2.798E+07
         V1 -6.706E-01  7.071E-01  2.243E-01
         V2 -6.706E-01 -7.071E-01  2.243E-01
         V3  3.172E-01  4.807E-16  9.483E-01
           2.538E+00  4.004E-01 -2.348E-01 -2.395E+00
         V1  6.232E-01 -7.071E-01 -3.340E-01
         V2  6.232E-01  7.071E-01 -3.340E-01
         V3  4.724E-01 -1.180E-16  8.814E-01
  2  2  2 -1.546E+07 -1.546E+07 -2.825E+07 -2.203E+04 -3.165E+06 -3.165E+06
 TO.STRA. -2.348E-01 -2.348E-01 -1.897E+00 -5.728E-03  8.229E-01  8.229E-01
           1.495E+07 -1.407E+07 -1.544E+07 -2.966E+07
         V1 -6.743E-01  7.071E-01  2.129E-01
         V2 -6.743E-01 -7.071E-01  2.129E-01
         V3  3.011E-01  3.480E-16  9.536E-01
           2.613E+00  3.596E-01 -2.291E-01 -2.497E+00
         V1 -6.285E-01  7.071E-01 -3.241E-01
         V2 -6.285E-01 -7.071E-01 -3.241E-01
         V3 -4.583E-01 -2.884E-16  8.888E-01

      29
  1  1  1  0.000E+00  0.000E+00  0.000E+00  0.000E+00  0.000E+00  0.000E+00
 TO.STRA.  0.000E+00  0.000E+00  0.000E+00  0.000E+00  0.000E+00  0.000E+00
           0.000E+00  0.000E+00  0.000E+00  0.000E+00
         V1  1.000E+00  0.000E+00  0.000E+00
         V2  0.000E+00  1.000E+00  0.000E+00
         V3  0.000E+00  0.000E+00  1.000E+00
           0.000E+00  0.000E+00  0.000E+00  0.000E+00
         V1  1.000E+00  0.000E+00  0.000E+00
         V2  0.000E+00  1.000E+00  0.000E+00
         V3  0.000E+00  0.000E+00  1.000E+00
  1  1  2  0.000E+00  0.000E+00  0.000E+00  0.000E+00  0.000E+00  0.000E+00
 TO.STRA.  0.000E+00  0.000E+00  0.000E+00  0.000E+00  0.000E+00  0.000E+00
           0.000E+00  0.000E+00  0.000E+00  0.000E+00
         V1  1.000E+00  0.000E+00  0.000E+00
         V2  0.000E+00  1.000E+00  0.000E+00
         V3  0.000E+00  0.000E+00  1.000E+00
           0.000E+00  0.000E+00  0.000E+00  0.000E+00
         V1  1.000E+00  0.000E+00  0.000E+00
         V2  0.000E+00  1.000E+00  0.000E+00
         V3  0.000E+00  0.000E+00  1.000E+00
  1  2  1  0.000E+00  0.000E+00  0.000E+00  0.000E+00  0.000E+00  0.000E+00
 TO.STRA.  0.000E+00  0.000E+00  0.000E+00  0.000E+00  0.000E+00  0.000E+00
           0.000E+00  0.000E+00  0.000E+00  0.000E+00
         V1  1.000E+00  0.000E+00  0.000E+00
         V2  0.000E+00  1.000E+00  0.000E+00
         V3  0.000E+00  0.000E+00  1.000E+00
           0.000E+00  0.000E+00  0.000E+00  0.000E+00
         V1  1.000E+00  0.000E+00  0.000E+00
         V2  0.000E+00  1.000E+00  0.000E+00
         V3  0.000E+00  0.000E+00  1.000E+00
  1  2  2  0.000E+00  0.000E+00  0.000E+00  0.000E+00  0.000E+00  0.000E+00
 TO.STRA.  0.000E+00  0.000E+00  0.000E+00  0.000E+00  0.000E+00  0.000E+00
           0.000E+00  0.000E+00  0.000E+00  0.000E+00
         V1  1.000E+00  0.000E+00  0.000E+00
         V2  0.000E+00  1.000E+00  0.000E+00
         V3  0.000E+00  0.000E+00  1.000E+00
           0.000E+00  0.000E+00  0.000E+00  0.000E+00
         V1  1.000E+00  0.000E+00  0.000E+00
         V2  0.000E+00  1.000E+00  0.000E+00
         V3  0.000E+00  0.000E+00  1.000E+00
  2  1  1  0.000E+00  0.000E+00  0.000E+00  0.000E+00  0.000E+00  0.000E+00
 TO.STRA.  0.000E+00  0.000E+00  0.000E+00  0.000E+00  0.000E+00  0.000E+00
           0.000E+00  0.000E+00  0.000E+00  0.000E+00
         V1  1.000E+00  0.000E+00  0.000E+00
         V2  0.000E+00  1.000E+00  0.000E+00
         V3  0.000E+00  0.000E+00  1.000E+00
           0.000E+00  0.000E+00  0.000E+00  0.000E+00
         V1  1.000E+00  0.000E+00  0.000E+00
         V2  0.000E+00  1.000E+00  0.000E+00
         V3  0.000E+00  0.000E+00  1.000E+00
  2  1  2  0.000E+00  0.000E+00  0.000E+00  0.000E+00  0.000E+00  0.000E+00
 TO.STRA.  0.000E+00  0.000E+00  0.000E+00  0.000E+00  0.000E+00  0.000E+00
           0.000E+00  0.000E+00  0.000E+00  0.000E+00
         V1  1.000E+00  0.000E+00  0.000E+00
         V2  0.000E+00  1.000E+00  0.000E+00
         V3  0.000E+00  0.000E+00  1.000E+00
           0.000E+00  0.000E+00  0.000E+00  0.000E+00
         V1  1.000E+00  0.000E+00  0.000E+00
         V2  0.000E+00  1.000E+00  0.000E+00
         V3  0.000E+00  0.000E+00  1.000E+00
  2  2  1  0.000E+00  0.000E+00  0.000E+00  0.000E+00  0.000E+00  0.000E+00
 TO.STRA.  0.000E+00  0.000E+00  0.000E+00  0.000E+00  0.000E+00  0.000E+00
           0.000E+00  0.000E+00  0.000E+00  0.000E+00
         V1  1.000E+00  0.000E+00  0.000E+00
         V2  0.000E+00  1.000E+00  0.000E+00
         V3  0.000E+00  0.000E+00  1.000E+00
           0.000E+00  0.000E+00  0.000E+00  0.000E+00
         V1  1.000E+00  0.000E+00  0.000E+00
         V2  0.000E+00  1.000E+00  0.000E+00
         V3  0.000E+00  0.000E+00  1.000E+00
  2  2  2  0.000E+00  0.000E+00  0.000E+00  0.000E+00  0.000E+00  0.000E+00
 TO.STRA.  0.000E+00  0.000E+00  0.000E+00  0.000E+00  0.000E+00  0.000E+00
           0.000E+00  0.000E+00  0.000E+00  0.000E+00
         V1  1.000E+00  0.000E+00  0.000E+00
         V2  0.000E+00  1.000E+00  0.000E+00
         V3  0.000E+00  0.000E+00  1.000E+00
           0.000E+00  0.000E+00  0.000E+00  0.000E+00
         V1  1.000E+00  0.000E+00  0.000E+00
         V2  0.000E+00  1.000E+00  0.000E+00
         V3  0.000E+00  0.000E+00  1.000E+00

      30
  1  1  1  0.000E+00  0.000E+00  0.000E+00  0.000E+00  0.000E+00  0.000E+00
 TO.STRA.  0.000E+00  0.000E+00  0.000E+00  0.000E+00  0.000E+00  0.000E+00
           0.000E+00  0.000E+00  0.000E+00  0.000E+00
         V1  1.000E+00  0.000E+00  0.000E+00
         V2  0.000E+00  1.000E+00  0.000E+00
         V3  0.000E+00  0.000E+00  1.000E+00
           0.000E+00  0.000E+00  0.000E+00  0.000E+00
         V1  1.000E+00  0.000E+00  0.000E+00
         V2  0.000E+00  1.000E+00  0.000E+00
         V3  0.000E+00  0.000E+00  1.000E+00
  1  1  2  0.000E+00  0.000E+00  0.000E+00  0.000E+00  0.000E+00  0.000E+00
 TO.STRA.  0.000E+00  0.000E+00  0.000E+00  0.000E+00  0.000E+00  0.000E+00
           0.000E+00  0.000E+00  0.000E+00  0.000E+00
         V1  1.000E+00  0.000E+00  0.000E+00
         V2  0.000E+00  1.000E+00  0.000E+00
         V3  0.000E+00  0.000E+00  1.000E+00
           0.000E+00  0.000E+00  0.000E+00  0.000E+00
         V1  1.000E+00  0.000E+00  0.000E+00
         V2  0.000E+00  1.000E+00  0.000E+00
         V3  0.000E+00  0.000E+00  1.000E+00
  1  2  1  0.000E+00  0.000E+00  0.000E+00  0.000E+00  0.000E+00  0.000E+00
 TO.STRA.  0.000E+00  0.000E+00  0.000E+00  0.000E+00  0.000E+00  0.000E+00
           0.000E+00  0.000E+00  0.000E+00  0.000E+00
         V1  1.000E+00  0.000E+00  0.000E+00
         V2  0.000E+00  1.000E+00  0.000E+00
         V3  0.000E+00  0.000E+00  1.000E+00
           0.000E+00  0.000E+00  0.000E+00  0.000E+00
         V1  1.000E+00  0.000E+00  0.000E+00
         V2  0.000E+00  1.000E+00  0.000E+00
         V3  0.000E+00  0.000E+00  1.000E+00
  1  2  2  0.000E+00  0.000E+00  0.000E+00  0.000E+00  0.000E+00  0.000E+00
 TO.STRA.  0.000E+00  0.000E+00  0.000E+00  0.000E+00  0.000E+00  0.000E+00
           0.000E+00  0.000E+00  0.000E+00  0.000E+00
         V1  1.000E+00  0.000E+00  0.000E+00
         V2  0.000E+00  1.000E+00  0.000E+00
         V3  0.000E+00  0.000E+00  1.000E+00
           0.000E+00  0.000E+00  0.000E+00  0.000E+00
         V1  1.000E+00  0.000E+00  0.000E+00
         V2  0.000E+00  1.000E+00  0.000E+00
         V3  0.000E+00  0.000E+00  1.000E+00
  2  1  1  0.000E+00  0.000E+00  0.000E+00  0.000E+00  0.000E+00  0.000E+00
 TO.STRA.  0.000E+00  0.000E+00  0.000E+00  0.000E+00  0.000E+00  0.000E+00
           0.000E+00  0.000E+00  0.000E+00  0.000E+00
         V1  1.000E+00  0.000E+00  0.000E+00
         V2  0.000E+00  1.000E+00  0.000E+00
         V3  0.000E+00  0.000E+00  1.000E+00
           0.000E+00  0.000E+00  0.000E+00  0.000E+00
         V1  1.000E+00  0.000E+00  0.000E+00
         V2  0.000E+00  1.000E+00  0.000E+00
         V3  0.000E+00  0.000E+00  1.000E+00
  2  1  2  0.000E+00  0.000E+00  0.000E+00  0.000E+00  0.000E+00  0.000E+00
 TO.STRA.  0.000E+00  0.000E+00  0.000E+00  0.000E+00  0.000E+00  0.000E+00
           0.000E+00  0.000E+00  0.000E+00  0.000E+00
         V1  1.000E+00  0.000E+00  0.000E+00
         V2  0.000E+00  1.000E+00  0.000E+00
         V3  0.000E+00  0.000E+00  1.000E+00
           0.000E+00  0.000E+00  0.000E+00  0.000E+00
         V1  1.000E+00  0.000E+00  0.000E+00
         V2  0.000E+00  1.000E+00  0.000E+00
         V3  0.000E+00  0.000E+00  1.000E+00
  2  2  1  0.000E+00  0.000E+00  0.000E+00  0.000E+00  0.000E+00  0.000E+00
 TO.STRA.  0.000E+00  0.000E+00  0.000E+00  0.000E+00  0.000E+00  0.000E+00
           0.000E+00  0.000E+00  0.000E+00  0.000E+00
         V1  1.000E+00  0.000E+00  0.000E+00
         V2  0.000E+00  1.000E+00  0.000E+00
         V3  0.000E+00  0.000E+00  1.000E+00
           0.000E+00  0.000E+00  0.000E+00  0.000E+00
         V1  1.000E+00  0.000E+00  0.000E+00
         V2  0.000E+00  1.000E+00  0.000E+00
         V3  0.000E+00  0.000E+00  1.000E+00
  2  2  2  0.000E+00  0.000E+00  0.000E+00  0.000E+00  0.000E+00  0.000E+00
 TO.STRA.  0.000E+00  0.000E+00  0.000E+00  0.000E+00  0.000E+00  0.000E+00
           0.000E+00  0.000E+00  0.000E+00  0.000E+00
         V1  1.000E+00  0.000E+00  0.000E+00
         V2  0.000E+00  1.000E+00  0.000E+00
         V3  0.000E+00  0.000E+00  1.000E+00
           0.000E+00  0.000E+00  0.000E+00  0.000E+00
         V1  1.000E+00  0.000E+00  0.000E+00
         V2  0.000E+00  1.000E+00  0.000E+00
         V3  0.000E+00  0.000E+00  1.000E+00

      31
  1  1  1  0.000E+00  0.000E+00  0.000E+00  0.000E+00  0.000E+00  0.000E+00
 TO.STRA.  0.000E+00  0.000E+00  0.000E+00  0.000E+00  0.000E+00  0.000E+00
           0.000E+00  0.000E+00  0.000E+00  0.000E+00
         V1  1.000E+00  0.000E+00  0.000E+00
         V2  0.000E+00  1.000E+00  0.000E+00
         V3  0.000E+00  0.000E+00  1.000E+00
           0.000E+00  0.000E+00  0.000E+00  0.000E+00
         V1  1.000E+00  0.000E+00  0.000E+00
         V2  0.000E+00  1.000E+00  0.000E+00
         V3  0.000E+00  0.000E+00  1.000E+00
  1  1  2  0.000E+00  0.000E+00  0.000E+00  0.000E+00  0.000E+00  0.000E+00
 TO.STRA.  0.000E+00  0.000E+00  0.000E+00  0.000E+00  0.000E+00  0.000E+00
           0.000E+00  0.000E+00  0.000E+00  0.000E+00
         V1  1.000E+00  0.000E+00  0.000E+00
         V2  0.000E+00  1.000E+00  0.000E+00
         V3  0.000E+00  0.000E+00  1.000E+00
           0.000E+00  0.000E+00  0.000E+00  0.000E+00
         V1  1.000E+00  0.000E+00  0.000E+00
         V2  0.000E+00  1.000E+00  0.000E+00
         V3  0.000E+00  0.000E+00  1.000E+00
  1  2  1  0.000E+00  0.000E+00  0.000E+00  0.000E+00  0.000E+00  0.000E+00
 TO.STRA.  0.000E+00  0.000E+00  0.000E+00  0.000E+00  0.000E+00  0.000E+00
           0.000E+00  0.000E+00  0.000E+00  0.000E+00
         V1  1.000E+00  0.000E+00  0.000E+00
         V2  0.000E+00  1.000E+00  0.000E+00
         V3  0.000E+00  0.000E+00  1.000E+00
           0.000E+00  0.000E+00  0.000E+00  0.000E+00
         V1  1.000E+00  0.000E+00  0.000E+00
         V2  0.000E+00  1.000E+00  0.000E+00
         V3  0.000E+00  0.000E+00  1.000E+00
  1  2  2  0.000E+00  0.000E+00  0.000E+00  0.000E+00  0.000E+00  0.000E+00
 TO.STRA.  0.000E+00  0.000E+00  0.000E+00  0.000E+00  0.000E+00  0.000E+00
           0.000E+00  0.000E+00  0.000E+00  0.000E+00
         V1  1.000E+00  0.000E+00  0.000E+00
         V2  0.000E+00  1.000E+00  0.000E+00
         V3  0.000E+00  0.000E+00  1.000E+00
           0.000E+00  0.000E+00  0.000E+00  0.000E+00
         V1  1.000E+00  0.000E+00  0.000E+00
         V2  0.000E+00  1.000E+00  0.000E+00
         V3  0.000E+00  0.000E+00  1.000E+00
  2  1  1  0.000E+00  0.000E+00  0.000E+00  0.000E+00  0.000E+00  0.000E+00
 TO.STRA.  0.000E+00  0.000E+00  0.000E+00  0.000E+00  0.000E+00  0.000E+00
           0.000E+00  0.000E+00  0.000E+00  0.000E+00
         V1  1.000E+00  0.000E+00  0.000E+00
         V2  0.000E+00  1.000E+00  0.000E+00
         V3  0.000E+00  0.000E+00  1.000E+00
           0.000E+00  0.000E+00  0.000E+00  0.000E+00
         V1  1.000E+00  0.000E+00  0.000E+00
         V2  0.000E+00  1.000E+00  0.000E+00
         V3  0.000E+00  0.000E+00  1.000E+00
  2  1  2  0.000E+00  0.000E+00  0.000E+00  0.000E+00  0.000E+00  0.000E+00
 TO.STRA.  0.000E+00  0.000E+00  0.000E+00  0.000E+00  0.000E+00  0.000E+00
           0.000E+00  0.000E+00  0.000E+00  0.000E+00
         V1  1.000E+00  0.000E+00  0.000E+00
         V2  0.000E+00  1.000E+00  0.000E+00
         V3  0.000E+00  0.000E+00  1.000E+00
           0.000E+00  0.000E+00  0.000E+00  0.000E+00
         V1  1.000E+00  0.000E+00  0.000E+00
         V2  0.000E+00  1.000E+00  0.000E+00
         V3  0.000E+00  0.000E+00  1.000E+00
  2  2  1  0.000E+00  0.000E+00  0.000E+00  0.000E+00  0.000E+00  0.000E+00
 TO.STRA.  0.000E+00  0.000E+00  0.000E+00  0.000E+00  0.000E+00  0.000E+00
           0.000E+00  0.000E+00  0.000E+00  0.000E+00
         V1  1.000E+00  0.000E+00  0.000E+00
         V2  0.000E+00  1.000E+00  0.000E+00
         V3  0.000E+00  0.000E+00  1.000E+00
           0.000E+00  0.000E+00  0.000E+00  0.000E+00
         V1  1.000E+00  0.000E+00  0.000E+00
         V2  0.000E+00  1.000E+00  0.000E+00
         V3  0.000E+00  0.000E+00  1.000E+00
  2  2  2  0.000E+00  0.000E+00  0.000E+00  0.000E+00  0.000E+00  0.000E+00
 TO.STRA.  0.000E+00  0.000E+00  0.000E+00  0.000E+00  0.000E+00  0.000E+00
           0.000E+00  0.000E+00  0.000E+00  0.000E+00
         V1  1.000E+00  0.000E+00  0.000E+00
         V2  0.000E+00  1.000E+00  0.000E+00
         V3  0.000E+00  0.000E+00  1.000E+00
           0.000E+00  0.000E+00  0.000E+00  0.000E+00
         V1  1.000E+00  0.000E+00  0.000E+00
         V2  0.000E+00  1.000E+00  0.000E+00
         V3  0.000E+00  0.000E+00  1.000E+00

      32
  1  1  1  0.000E+00  0.000E+00  0.000E+00  0.000E+00  0.000E+00  0.000E+00
 TO.STRA.  0.000E+00  0.000E+00  0.000E+00  0.000E+00  0.000E+00  0.000E+00
           0.000E+00  0.000E+00  0.000E+00  0.000E+00
         V1  1.000E+00  0.000E+00  0.000E+00
         V2  0.000E+00  1.000E+00  0.000E+00
         V3  0.000E+00  0.000E+00  1.000E+00
           0.000E+00  0.000E+00  0.000E+00  0.000E+00
         V1  1.000E+00  0.000E+00  0.000E+00
         V2  0.000E+00  1.000E+00  0.000E+00
         V3  0.000E+00  0.000E+00  1.000E+00
  1  1  2  0.000E+00  0.000E+00  0.000E+00  0.000E+00  0.000E+00  0.000E+00
 TO.STRA.  0.000E+00  0.000E+00  0.000E+00  0.000E+00  0.000E+00  0.000E+00
           0.000E+00  0.000E+00  0.000E+00  0.000E+00
         V1  1.000E+00  0.000E+00  0.000E+00
         V2  0.000E+00  1.000E+00  0.000E+00
         V3  0.000E+00  0.000E+00  1.000E+00
           0.000E+00  0.000E+00  0.000E+00  0.000E+00
         V1  1.000E+00  0.000E+00  0.000E+00
         V2  0.000E+00  1.000E+00  0.000E+00
         V3  0.000E+00  0.000E+00  1.000E+00
  1  2  1  0.000E+00  0.000E+00  0.000E+00  0.000E+00  0.000E+00  0.000E+00
 TO.STRA.  0.000E+00  0.000E+00  0.000E+00  0.000E+00  0.000E+00  0.000E+00
           0.000E+00  0.000E+00  0.000E+00  0.000E+00
         V1  1.000E+00  0.000E+00  0.000E+00
         V2  0.000E+00  1.000E+00  0.000E+00
         V3  0.000E+00  0.000E+00  1.000E+00
           0.000E+00  0.000E+00  0.000E+00  0.000E+00
         V1  1.000E+00  0.000E+00  0.000E+00
         V2  0.000E+00  1.000E+00  0.000E+00
         V3  0.000E+00  0.000E+00  1.000E+00
  1  2  2  0.000E+00  0.000E+00  0.000E+00  0.000E+00  0.000E+00  0.000E+00
 TO.STRA.  0.000E+00  0.000E+00  0.000E+00  0.000E+00  0.000E+00  0.000E+00
           0.000E+00  0.000E+00  0.000E+00  0.000E+00
         V1  1.000E+00  0.000E+00  0.000E+00
         V2  0.000E+00  1.000E+00  0.000E+00
         V3  0.000E+00  0.000E+00  1.000E+00
           0.000E+00  0.000E+00  0.000E+00  0.000E+00
         V1  1.000E+00  0.000E+00  0.000E+00
         V2  0.000E+00  1.000E+00  0.000E+00
         V3  0.000E+00  0.000E+00  1.000E+00
  2  1  1  0.000E+00  0.000E+00  0.000E+00  0.000E+00  0.000E+00  0.000E+00
 TO.STRA.  0.000E+00  0.000E+00  0.000E+00  0.000E+00  0.000E+00  0.000E+00
           0.000E+00  0.000E+00  0.000E+00  0.000E+00
         V1  1.000E+00  0.000E+00  0.000E+00
         V2  0.000E+00  1.000E+00  0.000E+00
         V3  0.000E+00  0.000E+00  1.000E+00
           0.000E+00  0.000E+00  0.000E+00  0.000E+00
         V1  1.000E+00  0.000E+00  0.000E+00
         V2  0.000E+00  1.000E+00  0.000E+00
         V3  0.000E+00  0.000E+00  1.000E+00
  2  1  2  0.000E+00  0.000E+00  0.000E+00  0.000E+00  0.000E+00  0.000E+00
 TO.STRA.  0.000E+00  0.000E+00  0.000E+00  0.000E+00  0.000E+00  0.000E+00
           0.000E+00  0.000E+00  0.000E+00  0.000E+00
         V1  1.000E+00  0.000E+00  0.000E+00
         V2  0.000E+00  1.000E+00  0.000E+00
         V3  0.000E+00  0.000E+00  1.000E+00
           0.000E+00  0.000E+00  0.000E+00  0.000E+00
         V1  1.000E+00  0.000E+00  0.000E+00
         V2  0.000E+00  1.000E+00  0.000E+00
         V3  0.000E+00  0.000E+00  1.000E+00
  2  2  1  0.000E+00  0.000E+00  0.000E+00  0.000E+00  0.000E+00  0.000E+00
 TO.STRA.  0.000E+00  0.000E+00  0.000E+00  0.000E+00  0.000E+00  0.000E+00
           0.000E+00  0.000E+00  0.000E+00  0.000E+00
         V1  1.000E+00  0.000E+00  0.000E+00
         V2  0.000E+00  1.000E+00  0.000E+00
         V3  0.000E+00  0.000E+00  1.000E+00
           0.000E+00  0.000E+00  0.000E+00  0.000E+00
         V1  1.000E+00  0.000E+00  0.000E+00
         V2  0.000E+00  1.000E+00  0.000E+00
         V3  0.000E+00  0.000E+00  1.000E+00
  2  2  2  0.000E+00  0.000E+00  0.000E+00  0.000E+00  0.000E+00  0.000E+00
 TO.STRA.  0.000E+00  0.000E+00  0.000E+00  0.000E+00  0.000E+00  0.000E+00
           0.000E+00  0.000E+00  0.000E+00  0.000E+00
         V1  1.000E+00  0.000E+00  0.000E+00
         V2  0.000E+00  1.000E+00  0.000E+00
         V3  0.000E+00  0.000E+00  1.000E+00
           0.000E+00  0.000E+00  0.000E+00  0.000E+00
         V1  1.000E+00  0.000E+00  0.000E+00
         V2  0.000E+00  1.000E+00  0.000E+00
         V3  0.000E+00  0.000E+00  1.000E+00


 MAXIMUM EFFECTIVE STRESS:
 ELEMENT =    27  IR =  1  IS =  2  IT =  2  MAX EFF STR  =  3.447E+07




 R E P O R T   O N   E N D   O F   S T E P     1

      MAXIMUM EFFECTIVE STRESS:
      GROUP =    1, ELEMENT =    27,  MAX.EFF.STRESS =  3.447D+07




 R E P O R T   O N   E N D   O F   P R O G R A M

      MAXIMUM DISPLACEMENT:
      STEP =    1,  NODE =     9,   MAX.DISPL. =  2.5000D+00

      MAXIMUM EFFECTIVE STRESS:
      STEP =    1, GROUP =    1, ELEMENT =    27,  MAX.EFF.STRESS =  3.447D+07



1


      E X E C U T I O N    T I M I N G    I N F O R M A T I O N
      ---------------------------------------------------------



     TIME AT THE START OF READING OF INPUT DATA ..... 14: 8: 9.29   20/ 4/2013


     TIME AT THE START OF FORMING THE MATRICES ...... 14: 8:41.77   20/ 4/2013


     TIME AT THE START OF EIGEN VALUE SOLUTION ...... 14: 8:41.82   20/ 4/2013


     END OF JOB ..................................... 14: 8:41.82   20/ 4/2013



